<?xml version="1.0" encoding="UTF-8" ?>
<testsuites>
  <testsuite errors="0" failures="0" hostname="Carlos" id="0" name="CursoControllerSpec" package="testingpractice" tests="1" time="25.488" timestamp="2015-10-20T05:08:59">
      <properties />

      <testcase classname="testingpractice.CursoControllerSpec" name="Prueba de numero de iteraciones" time="25.125" />

      <system-out><![CDATA[--Output from Prueba de numero de iteraciones--
1
]]></system-out>

      <system-err><![CDATA[--Output from Prueba de numero de iteraciones--
]]></system-err>

  </testsuite>
  <testsuite errors="0" failures="0" hostname="Carlos" id="1" name="CursoSpec" package="testingpractice" tests="4" time="3.376" timestamp="2015-10-20T05:09:25">
      <properties />

      <testcase classname="testingpractice.CursoSpec" name="test codigo" time="2.103" />

      <testcase classname="testingpractice.CursoSpec" name="test nombre" time="0.754" />

      <testcase classname="testingpractice.CursoSpec" name="test creditos" time="0.386" />

      <testcase classname="testingpractice.CursoSpec" name="test descripcion" time="0.07" />

      <system-out><![CDATA[--Output from test codigo--
--Output from test nombre--
--Output from test creditos--
--Output from test descripcion--
]]></system-out>

      <system-err><![CDATA[--Output from test codigo--
--Output from test nombre--
--Output from test creditos--
--Output from test descripcion--
]]></system-err>

  </testsuite>
  <testsuite errors="0" failures="0" hostname="Carlos" id="2" name="EstudianteControllerSpec" package="testingpractice" tests="1" time="1.929" timestamp="2015-10-20T05:09:28">
      <properties />

      <testcase classname="testingpractice.EstudianteControllerSpec" name="Prueba de numero de iteraciones" time="1.852" />

      <system-out><![CDATA[--Output from Prueba de numero de iteraciones--
2
]]></system-out>

      <system-err><![CDATA[--Output from Prueba de numero de iteraciones--
]]></system-err>

  </testsuite>
  <testsuite errors="0" failures="0" hostname="Carlos" id="3" name="EstudianteSpec" package="testingpractice" tests="3" time="1.66" timestamp="2015-10-20T05:09:30">
      <properties />

      <testcase classname="testingpractice.EstudianteSpec" name="test lista" time="0.554" />

      <testcase classname="testingpractice.EstudianteSpec" name="test semestre" time="0.699" />

      <testcase classname="testingpractice.EstudianteSpec" name="test codigo institucional" time="0.349" />

      <system-out><![CDATA[--Output from test lista--
--Output from test semestre--
--Output from test codigo institucional--
]]></system-out>

      <system-err><![CDATA[--Output from test lista--
--Output from test semestre--
--Output from test codigo institucional--
]]></system-err>

  </testsuite>
  <testsuite errors="0" failures="0" hostname="Carlos" id="4" name="ProfesorControllerSpec" package="testingpractice" tests="1" time="1.499" timestamp="2015-10-20T05:09:32">
      <properties />

      <testcase classname="testingpractice.ProfesorControllerSpec" name="Prueba de numero de iteraciones" time="1.433" />

      <system-out><![CDATA[--Output from Prueba de numero de iteraciones--
2
]]></system-out>

      <system-err><![CDATA[--Output from Prueba de numero de iteraciones--
]]></system-err>

  </testsuite>
  <testsuite errors="0" failures="0" hostname="Carlos" id="5" name="ProfesorSpec" package="testingpractice" tests="2" time="1.339" timestamp="2015-10-20T05:09:34">
      <properties />

      <testcase classname="testingpractice.ProfesorSpec" name="test oficina" time="1.164" />

      <testcase classname="testingpractice.ProfesorSpec" name="test lista" time="0.123" />

      <system-out><![CDATA[--Output from test oficina--
--Output from test lista--
]]></system-out>

      <system-err><![CDATA[--Output from test oficina--
--Output from test lista--
]]></system-err>

  </testsuite>
  <testsuite errors="0" failures="0" hostname="Carlos" id="6" name="UsuarioControllerSpec" package="testingpractice" tests="1" time="1.348" timestamp="2015-10-20T05:09:35">
      <properties />

      <testcase classname="testingpractice.UsuarioControllerSpec" name="Prueba de numero de iteraciones" time="1.282" />

      <system-out><![CDATA[--Output from Prueba de numero de iteraciones--
3
]]></system-out>

      <system-err><![CDATA[--Output from Prueba de numero de iteraciones--
]]></system-err>

  </testsuite>
  <testsuite errors="0" failures="0" hostname="Carlos" id="7" name="UsuarioSpec" package="testingpractice" tests="6" time="3.049" timestamp="2015-10-20T05:09:37">
      <properties />

      <testcase classname="testingpractice.UsuarioSpec" name="Prueba de nombre" time="1.468" />

      <testcase classname="testingpractice.UsuarioSpec" name="Prueba apellido" time="0.59" />

      <testcase classname="testingpractice.UsuarioSpec" name="Prueba de edad" time="0.174" />

      <testcase classname="testingpractice.UsuarioSpec" name="Prueba genero" time="0.385" />

      <testcase classname="testingpractice.UsuarioSpec" name="Prueba cedula" time="0.142" />

      <testcase classname="testingpractice.UsuarioSpec" name="test cedula unica" time="0.25" />

      <system-out><![CDATA[--Output from Prueba de nombre--
--Output from Prueba apellido--
--Output from Prueba de edad--
--Output from Prueba genero--
--Output from Prueba cedula--
--Output from test cedula unica--
]]></system-out>

      <system-err><![CDATA[--Output from Prueba de nombre--
--Output from Prueba apellido--
--Output from Prueba de edad--
--Output from Prueba genero--
--Output from Prueba cedula--
--Output from test cedula unica--
]]></system-err>

  </testsuite>
</testsuites>
