<?xml version="1.0" encoding="UTF-8" ?>
<testsuites>
  <testsuite errors="0" failures="0" hostname="DESKTOP-R17KCH0" id="0" name="CursoSpec" package="testingpractice" tests="2" time="24.915" timestamp="2015-10-19T14:53:20">
      <properties />

      <testcase classname="testingpractice.CursoSpec" name="test nombre" time="24.203" />

      <testcase classname="testingpractice.CursoSpec" name="test creditos" time="0.269" />

      <system-out><![CDATA[--Output from test nombre--
--Output from test creditos--
]]></system-out>

      <system-err><![CDATA[--Output from test nombre--
--Output from test creditos--
]]></system-err>

  </testsuite>
  <testsuite errors="0" failures="0" hostname="DESKTOP-R17KCH0" id="1" name="EstudianteSpec" package="testingpractice" tests="2" time="1.825" timestamp="2015-10-19T14:53:46">
      <properties />

      <testcase classname="testingpractice.EstudianteSpec" name="test semestre" time="1.639" />

      <testcase classname="testingpractice.EstudianteSpec" name="test codigo institucional" time="0.147" />

      <system-out><![CDATA[--Output from test semestre--
--Output from test codigo institucional--
]]></system-out>

      <system-err><![CDATA[--Output from test semestre--
--Output from test codigo institucional--
]]></system-err>

  </testsuite>
  <testsuite errors="0" failures="0" hostname="DESKTOP-R17KCH0" id="2" name="UsuarioSpec" package="testingpractice" tests="5" time="1.873" timestamp="2015-10-19T14:53:48">
      <properties />

      <testcase classname="testingpractice.UsuarioSpec" name="Prueba de nombre" time="1.021" />

      <testcase classname="testingpractice.UsuarioSpec" name="Prueba apellido" time="0.458" />

      <testcase classname="testingpractice.UsuarioSpec" name="Prueba de edad" time="0.158" />

      <testcase classname="testingpractice.UsuarioSpec" name="Prueba genero" time="0.125" />

      <testcase classname="testingpractice.UsuarioSpec" name="Prueba cedula" time="0.074" />

      <system-out><![CDATA[--Output from Prueba de nombre--
--Output from Prueba apellido--
--Output from Prueba de edad--
--Output from Prueba genero--
--Output from Prueba cedula--
]]></system-out>

      <system-err><![CDATA[--Output from Prueba de nombre--
--Output from Prueba apellido--
--Output from Prueba de edad--
--Output from Prueba genero--
--Output from Prueba cedula--
]]></system-err>

  </testsuite>
</testsuites>
