<?xml version="1.0" encoding="UTF-8" ?>
<testsuites>
  <testsuite errors="0" failures="0" hostname="Niki-PC" id="0" name="CursoSpec" package="testingpractice" tests="4" time="4.516" timestamp="2015-10-20T02:50:31">
      <properties />

      <testcase classname="testingpractice.CursoSpec" name="test codigo" time="3.426" />

      <testcase classname="testingpractice.CursoSpec" name="test nombre" time="0.968" />

      <testcase classname="testingpractice.CursoSpec" name="test creditos" time="0.033" />

      <testcase classname="testingpractice.CursoSpec" name="test descripcion" time="0.017" />

      <system-out><![CDATA[--Output from test codigo--
--Output from test nombre--
--Output from test creditos--
--Output from test descripcion--
]]></system-out>

      <system-err><![CDATA[--Output from test codigo--
--Output from test nombre--
--Output from test creditos--
--Output from test descripcion--
]]></system-err>

  </testsuite>
  <testsuite errors="0" failures="0" hostname="Niki-PC" id="1" name="EstudianteSpec" package="testingpractice" tests="2" time="0.364" timestamp="2015-10-20T02:50:35">
      <properties />

      <testcase classname="testingpractice.EstudianteSpec" name="test semestre" time="0.302" />

      <testcase classname="testingpractice.EstudianteSpec" name="test codigo institucional" time="0.049" />

      <system-out><![CDATA[--Output from test semestre--
--Output from test codigo institucional--
]]></system-out>

      <system-err><![CDATA[--Output from test semestre--
--Output from test codigo institucional--
]]></system-err>

  </testsuite>
  <testsuite errors="0" failures="0" hostname="Niki-PC" id="2" name="ProfesorSpec" package="testingpractice" tests="2" time="0.21" timestamp="2015-10-20T02:50:36">
      <properties />

      <testcase classname="testingpractice.ProfesorSpec" name="test oficina" time="0.167" />

      <testcase classname="testingpractice.ProfesorSpec" name="test lista" time="0.033" />

      <system-out><![CDATA[--Output from test oficina--
--Output from test lista--
]]></system-out>

      <system-err><![CDATA[--Output from test oficina--
--Output from test lista--
]]></system-err>

  </testsuite>
  <testsuite errors="0" failures="0" hostname="Niki-PC" id="3" name="UsuarioSpec" package="testingpractice" tests="6" time="0.518" timestamp="2015-10-20T02:50:36">
      <properties />

      <testcase classname="testingpractice.UsuarioSpec" name="Prueba de nombre" time="0.183" />

      <testcase classname="testingpractice.UsuarioSpec" name="Prueba apellido" time="0.12" />

      <testcase classname="testingpractice.UsuarioSpec" name="Prueba de edad" time="0.037" />

      <testcase classname="testingpractice.UsuarioSpec" name="Prueba genero" time="0.06" />

      <testcase classname="testingpractice.UsuarioSpec" name="Prueba cedula" time="0.027" />

      <testcase classname="testingpractice.UsuarioSpec" name="test cedula unica" time="0.084" />

      <system-out><![CDATA[--Output from Prueba de nombre--
--Output from Prueba apellido--
--Output from Prueba de edad--
--Output from Prueba genero--
--Output from Prueba cedula--
--Output from test cedula unica--
]]></system-out>

      <system-err><![CDATA[--Output from Prueba de nombre--
--Output from Prueba apellido--
--Output from Prueba de edad--
--Output from Prueba genero--
--Output from Prueba cedula--
--Output from test cedula unica--
]]></system-err>

  </testsuite>
</testsuites>
